<?xml version="1.0" encoding="UTF-8"?>
<!-- Generated by org.testng.reporters.JUnitReportReporter -->
<testsuite hostname="DESKTOP-641106N" failures="0" tests="1" name="testCases.TC006_addtocart" time="0.757" errors="0" timestamp="2024-08-14T13:05:50 IST" skipped="0">
  <testcase classname="testCases.TC006_addtocart" name="addtocart" time="0.757"/>
</testsuite> <!-- testCases.TC006_addtocart -->
