<?xml version="1.0" encoding="UTF-8"?>
<!-- Generated by org.testng.reporters.JUnitReportReporter -->
<testsuite hostname="DESKTOP-641106N" failures="0" tests="1" name="testCases.Test_form" time="0.144" errors="0" timestamp="2024-08-14T13:20:34 IST" skipped="0">
  <testcase classname="testCases.Test_form" name="test" time="0.144"/>
</testsuite> <!-- testCases.Test_form -->
