<?xml version="1.0" encoding="UTF-8"?>
<!-- Generated by org.testng.reporters.JUnitReportReporter -->
<testsuite hostname="DESKTOP-641106N" failures="0" tests="1" name="testCases.testCase1_Register_User" time="4.844" errors="0" timestamp="2024-08-14T17:22:19 IST" skipped="0">
  <testcase classname="testCases.testCase1_Register_User" name="registeration" time="4.844"/>
</testsuite> <!-- testCases.testCase1_Register_User -->
