<?xml version="1.0" encoding="UTF-8"?>
<!-- Generated by org.testng.reporters.JUnitReportReporter -->
<testsuite hostname="DESKTOP-641106N" failures="0" tests="1" name="testCases.TC_005_Searching" time="0.324" errors="0" timestamp="2024-08-14T11:07:32 IST" skipped="0">
  <testcase classname="testCases.TC_005_Searching" name="searchtest" time="0.324"/>
</testsuite> <!-- testCases.TC_005_Searching -->
